================================================================================
 Viewer for BIN-FONT (c) Sviridov Georgy 2019, www.lab85.ru sgot@inbox.ru
 Ver 0.1.19
 GIT = (2019-07-12 d65b8b7)
================================================================================
================================================================================
File size = 2048 bytes.
Read file(ASCR-Kogan-8x8.fnt) : - OK

 char code = 0x00
    76543210 
   +--------+
 0 |        |
 1 |        |
 2 |        |
 3 |        |
 4 |        |
 5 |        |
 6 |        |
 7 |        |
   +--------+

 char code = 0x01
    76543210 
   +--------+
 0 | ###### |
 1 |#      #|
 2 |# #  # #|
 3 |#      #|
 4 |# #### #|
 5 |#  ##  #|
 6 |#      #|
 7 | ###### |
   +--------+

 char code = 0x02
    76543210 
   +--------+
 0 | ###### |
 1 |########|
 2 |## ## ##|
 3 |########|
 4 |##    ##|
 5 |###  ###|
 6 |########|
 7 | ###### |
   +--------+

 char code = 0x03
    76543210 
   +--------+
 0 |  ## ## |
 1 | #######|
 2 |########|
 3 |########|
 4 | #######|
 5 |  ##### |
 6 |   ###  |
 7 |    #   |
   +--------+

 char code = 0x04
    76543210 
   +--------+
 0 |   ##   |
 1 |  ####  |
 2 | ###### |
 3 |########|
 4 | ###### |
 5 |  ####  |
 6 |   ##   |
 7 |        |
   +--------+

 char code = 0x05
    76543210 
   +--------+
 0 |   ##   |
 1 |  ####  |
 2 |   ##   |
 3 |###  ###|
 4 |###  ###|
 5 |   ##   |
 6 |   ##   |
 7 |  ####  |
   +--------+

 char code = 0x06
    76543210 
   +--------+
 0 |   ##   |
 1 |  ####  |
 2 | ###### |
 3 |########|
 4 |########|
 5 |  ####  |
 6 |   ##   |
 7 |  ####  |
   +--------+

 char code = 0x07
    76543210 
   +--------+
 0 |####### |
 1 |#     # |
 2 |#  #  # |
 3 |# ### # |
 4 |#  #  # |
 5 |#     # |
 6 |#     # |
 7 |####### |
   +--------+

 char code = 0x08
    76543210 
   +--------+
 0 |####### |
 1 |####### |
 2 |### ### |
 3 |##   ## |
 4 |### ### |
 5 |####### |
 6 |####### |
 7 |####### |
   +--------+

 char code = 0x09
    76543210 
   +--------+
 0 |####### |
 1 |#     # |
 2 |#     # |
 3 |# ### # |
 4 |# # # # |
 5 |# ### # |
 6 |#     # |
 7 |####### |
   +--------+

 char code = 0x0A
    76543210 
   +--------+
 0 |        |
 1 |        |
 2 |        |
 3 |        |
 4 |        |
 5 |        |
 6 |        |
 7 |        |
   +--------+

 char code = 0x0B
    76543210 
   +--------+
 0 |    ####|
 1 |      ##|
 2 |     # #|
 3 |    #   |
 4 |  ##### |
 5 | ##   ##|
 6 |  ##### |
 7 |        |
   +--------+

 char code = 0x0C
    76543210 
   +--------+
 0 | ###### |
 1 |#      #|
 2 |#      #|
 3 | ###### |
 4 |   ##   |
 5 | ###### |
 6 |   ##   |
 7 |   ##   |
   +--------+

 char code = 0x0D
    76543210 
   +--------+
 0 |        |
 1 |        |
 2 |        |
 3 |        |
 4 |        |
 5 |        |
 6 |        |
 7 |        |
   +--------+

 char code = 0x0E
    76543210 
   +--------+
 0 |  ##### |
 1 |  #   # |
 2 |  ##### |
 3 |  #   # |
 4 |  #   # |
 5 |  #  ## |
 6 | ##  ## |
 7 | ##     |
   +--------+

 char code = 0x0F
    76543210 
   +--------+
 0 |   ##   |
 1 | # ## # |
 2 |  #  #  |
 3 |###  ###|
 4 |  #  #  |
 5 | # ## # |
 6 |   ##   |
 7 |        |
   +--------+

 char code = 0x10
    76543210 
   +--------+
 0 |#       |
 1 |##      |
 2 |####    |
 3 |########|
 4 |####    |
 5 |##      |
 6 |#       |
 7 |        |
   +--------+

 char code = 0x11
    76543210 
   +--------+
 0 |       #|
 1 |      ##|
 2 |    ####|
 3 |########|
 4 |    ####|
 5 |      ##|
 6 |       #|
 7 |        |
   +--------+

 char code = 0x12
    76543210 
   +--------+
 0 |   ##   |
 1 |  ####  |
 2 | ###### |
 3 |   ##   |
 4 |   ##   |
 5 | ###### |
 6 |  ####  |
 7 |   ##   |
   +--------+

 char code = 0x13
    76543210 
   +--------+
 0 | ##  ## |
 1 | ##  ## |
 2 | ##  ## |
 3 | ##  ## |
 4 | ##  ## |
 5 |        |
 6 | ##  ## |
 7 |        |
   +--------+

 char code = 0x14
    76543210 
   +--------+
 0 | #######|
 1 |# #  #  |
 2 |# #  #  |
 3 |# #  #  |
 4 |  #  #  |
 5 |  #  #  |
 6 | #    # |
 7 |        |
   +--------+

 char code = 0x15
    76543210 
   +--------+
 0 |  ##### |
 1 | ##    #|
 2 |  ####  |
 3 |##    ##|
 4 |##    ##|
 5 |  ####  |
 6 |#     ##|
 7 | #####  |
   +--------+

 char code = 0x16
    76543210 
   +--------+
 0 | ###### |
 1 |########|
 2 |## ## ##|
 3 |########|
 4 |##    ##|
 5 |###  ###|
 6 |########|
 7 | ###### |
   +--------+

 char code = 0x17
    76543210 
   +--------+
 0 |   ##   |
 1 |  ####  |
 2 | ###### |
 3 |   ##   |
 4 | ###### |
 5 |  ####  |
 6 |   ##   |
 7 | ###### |
   +--------+

 char code = 0x18
    76543210 
   +--------+
 0 |   ##   |
 1 |  ####  |
 2 | ###### |
 3 |   ##   |
 4 |   ##   |
 5 |   ##   |
 6 |   ##   |
 7 |        |
   +--------+

 char code = 0x19
    76543210 
   +--------+
 0 |   ##   |
 1 |   ##   |
 2 |   ##   |
 3 |   ##   |
 4 | ###### |
 5 |  ####  |
 6 |   ##   |
 7 |        |
   +--------+

 char code = 0x1A
    76543210 
   +--------+
 0 |        |
 1 |        |
 2 |    #   |
 3 |    ##  |
 4 |####### |
 5 |    ##  |
 6 |    #   |
 7 |        |
   +--------+

 char code = 0x1B
    76543210 
   +--------+
 0 |        |
 1 |        |
 2 |  #     |
 3 | ##     |
 4 |########|
 5 | ##     |
 6 |  #     |
 7 |        |
   +--------+

 char code = 0x1C
    76543210 
   +--------+
 0 |        |
 1 |        |
 2 |        |
 3 | ##     |
 4 | ##     |
 5 | ##     |
 6 | ###### |
 7 |        |
   +--------+

 char code = 0x1D
    76543210 
   +--------+
 0 |        |
 1 |        |
 2 |  #  #  |
 3 | ##  ## |
 4 |########|
 5 | ##  ## |
 6 |  #  #  |
 7 |        |
   +--------+

 char code = 0x1E
    76543210 
   +--------+
 0 |    #   |
 1 |    #   |
 2 |   ###  |
 3 |   ###  |
 4 |  ##### |
 5 |  ##### |
 6 | #######|
 7 | #######|
   +--------+

 char code = 0x1F
    76543210 
   +--------+
 0 | #######|
 1 | #######|
 2 |  ##### |
 3 |  ##### |
 4 |   ###  |
 5 |   ###  |
 6 |    #   |
 7 |    #   |
   +--------+

 char code = 0x20
    76543210 
   +--------+
 0 |        |
 1 |        |
 2 |        |
 3 |        |
 4 |        |
 5 |        |
 6 |        |
 7 |        |
   +--------+

 char code = 0x21
    76543210 
   +--------+
 0 |  ##    |
 1 | ####   |
 2 | ####   |
 3 |  ##    |
 4 |  ##    |
 5 |        |
 6 |  ##    |
 7 |        |
   +--------+

 char code = 0x22
    76543210 
   +--------+
 0 |## ##   |
 1 |## ##   |
 2 |        |
 3 |        |
 4 |        |
 5 |        |
 6 |        |
 7 |        |
   +--------+

 char code = 0x23
    76543210 
   +--------+
 0 | ## ##  |
 1 | ## ##  |
 2 |####### |
 3 | ## ##  |
 4 |####### |
 5 | ## ##  |
 6 | ## ##  |
 7 |        |
   +--------+

 char code = 0x24
    76543210 
   +--------+
 0 |  ##    |
 1 | #####  |
 2 |##      |
 3 | ####   |
 4 |    ##  |
 5 | ####   |
 6 |  ##    |
 7 |        |
   +--------+

 char code = 0x25
    76543210 
   +--------+
 0 |        |
 1 |##   ## |
 2 |##  ##  |
 3 |   ##   |
 4 |  ##    |
 5 | ##  ## |
 6 |##   ## |
 7 |        |
   +--------+

 char code = 0x26
    76543210 
   +--------+
 0 |  ###   |
 1 | ## ##  |
 2 |  ###   |
 3 | ### ## |
 4 |## ###  |
 5 |##  ##  |
 6 | ### ## |
 7 |        |
   +--------+

 char code = 0x27
    76543210 
   +--------+
 0 | ##     |
 1 |##      |
 2 |        |
 3 |        |
 4 |        |
 5 |        |
 6 |        |
 7 |        |
   +--------+

 char code = 0x28
    76543210 
   +--------+
 0 |  ##    |
 1 | ##     |
 2 |##      |
 3 |##      |
 4 |##      |
 5 | ##     |
 6 |  ##    |
 7 |        |
   +--------+

 char code = 0x29
    76543210 
   +--------+
 0 |##      |
 1 | ##     |
 2 |  ##    |
 3 |  ##    |
 4 |  ##    |
 5 | ##     |
 6 |##      |
 7 |        |
   +--------+

 char code = 0x2A
    76543210 
   +--------+
 0 |        |
 1 | ##  ## |
 2 |  ####  |
 3 |########|
 4 |  ####  |
 5 | ##  ## |
 6 |        |
 7 |        |
   +--------+

 char code = 0x2B
    76543210 
   +--------+
 0 |        |
 1 |  ##    |
 2 |  ##    |
 3 |######  |
 4 |  ##    |
 5 |  ##    |
 6 |        |
 7 |        |
   +--------+

 char code = 0x2C
    76543210 
   +--------+
 0 |        |
 1 |        |
 2 |        |
 3 |        |
 4 |        |
 5 | ##     |
 6 | ##     |
 7 |##      |
   +--------+

 char code = 0x2D
    76543210 
   +--------+
 0 |        |
 1 |        |
 2 |        |
 3 |######  |
 4 |        |
 5 |        |
 6 |        |
 7 |        |
   +--------+

 char code = 0x2E
    76543210 
   +--------+
 0 |        |
 1 |        |
 2 |        |
 3 |        |
 4 |        |
 5 |##      |
 6 |##      |
 7 |        |
   +--------+

 char code = 0x2F
    76543210 
   +--------+
 0 |     ## |
 1 |    ##  |
 2 |   ##   |
 3 |  ##    |
 4 | ##     |
 5 |##      |
 6 |#       |
 7 |        |
   +--------+

 char code = 0x30
    76543210 
   +--------+
 0 | #####  |
 1 |##   ## |
 2 |##  ### |
 3 |## #### |
 4 |#### ## |
 5 |###  ## |
 6 | #####  |
 7 |        |
   +--------+

 char code = 0x31
    76543210 
   +--------+
 0 |  ##    |
 1 | ###    |
 2 |  ##    |
 3 |  ##    |
 4 |  ##    |
 5 |  ##    |
 6 |######  |
 7 |        |
   +--------+

 char code = 0x32
    76543210 
   +--------+
 0 | ####   |
 1 |##  ##  |
 2 |    ##  |
 3 |  ###   |
 4 | ##     |
 5 |##  ##  |
 6 |######  |
 7 |        |
   +--------+

 char code = 0x33
    76543210 
   +--------+
 0 | ####   |
 1 |##  ##  |
 2 |    ##  |
 3 |  ###   |
 4 |    ##  |
 5 |##  ##  |
 6 | ####   |
 7 |        |
   +--------+

 char code = 0x34
    76543210 
   +--------+
 0 |   ###  |
 1 |  ####  |
 2 | ## ##  |
 3 |##  ##  |
 4 |####### |
 5 |    ##  |
 6 |   #### |
 7 |        |
   +--------+

 char code = 0x35
    76543210 
   +--------+
 0 |######  |
 1 |##      |
 2 |#####   |
 3 |    ##  |
 4 |    ##  |
 5 |##  ##  |
 6 | ####   |
 7 |        |
   +--------+

 char code = 0x36
    76543210 
   +--------+
 0 |  ###   |
 1 | ##     |
 2 |##      |
 3 |#####   |
 4 |##  ##  |
 5 |##  ##  |
 6 | ####   |
 7 |        |
   +--------+

 char code = 0x37
    76543210 
   +--------+
 0 |######  |
 1 |##  ##  |
 2 |    ##  |
 3 |   ##   |
 4 |  ##    |
 5 |  ##    |
 6 |  ##    |
 7 |        |
   +--------+

 char code = 0x38
    76543210 
   +--------+
 0 | ####   |
 1 |##  ##  |
 2 |##  ##  |
 3 | ####   |
 4 |##  ##  |
 5 |##  ##  |
 6 | ####   |
 7 |        |
   +--------+

 char code = 0x39
    76543210 
   +--------+
 0 | ####   |
 1 |##  ##  |
 2 |##  ##  |
 3 | #####  |
 4 |    ##  |
 5 |   ##   |
 6 | ###    |
 7 |        |
   +--------+

 char code = 0x3A
    76543210 
   +--------+
 0 |        |
 1 | ##     |
 2 | ##     |
 3 |        |
 4 |        |
 5 | ##     |
 6 | ##     |
 7 |        |
   +--------+

 char code = 0x3B
    76543210 
   +--------+
 0 |        |
 1 | ##     |
 2 | ##     |
 3 |        |
 4 |        |
 5 | ##     |
 6 | ##     |
 7 |##      |
   +--------+

 char code = 0x3C
    76543210 
   +--------+
 0 |   ##   |
 1 |  ##    |
 2 | ##     |
 3 |##      |
 4 | ##     |
 5 |  ##    |
 6 |   ##   |
 7 |        |
   +--------+

 char code = 0x3D
    76543210 
   +--------+
 0 |        |
 1 |        |
 2 |#####   |
 3 |        |
 4 |        |
 5 |#####   |
 6 |        |
 7 |        |
   +--------+

 char code = 0x3E
    76543210 
   +--------+
 0 |##      |
 1 | ##     |
 2 |  ##    |
 3 |   ##   |
 4 |  ##    |
 5 | ##     |
 6 |##      |
 7 |        |
   +--------+

 char code = 0x3F
    76543210 
   +--------+
 0 | ####   |
 1 |##  ##  |
 2 |    ##  |
 3 |   ##   |
 4 |  ##    |
 5 |        |
 6 |  ##    |
 7 |        |
   +--------+

 char code = 0x40
    76543210 
   +--------+
 0 | #####  |
 1 |##   ## |
 2 |## #### |
 3 |## #### |
 4 |## #### |
 5 |##      |
 6 | ####   |
 7 |        |
   +--------+

 char code = 0x41
    76543210 
   +--------+
 0 |  ##    |
 1 | ####   |
 2 |##  ##  |
 3 |##  ##  |
 4 |######  |
 5 |##  ##  |
 6 |##  ##  |
 7 |        |
   +--------+

 char code = 0x42
    76543210 
   +--------+
 0 |#####   |
 1 | ## ##  |
 2 | ## ##  |
 3 | ####   |
 4 | ## ##  |
 5 | ## ##  |
 6 |#####   |
 7 |        |
   +--------+

 char code = 0x43
    76543210 
   +--------+
 0 |  ####  |
 1 | ##  ## |
 2 |##      |
 3 |##      |
 4 |##      |
 5 | ##  ## |
 6 |  ####  |
 7 |        |
   +--------+

 char code = 0x44
    76543210 
   +--------+
 0 |#####   |
 1 | ## ##  |
 2 | ##  ## |
 3 | ##  ## |
 4 | ##  ## |
 5 | ## ##  |
 6 |#####   |
 7 |        |
   +--------+

 char code = 0x45
    76543210 
   +--------+
 0 |####### |
 1 | ##   # |
 2 | ## #   |
 3 | ####   |
 4 | ## #   |
 5 | ##   # |
 6 |####### |
 7 |        |
   +--------+

 char code = 0x46
    76543210 
   +--------+
 0 |####### |
 1 | ##   # |
 2 | ## #   |
 3 | ####   |
 4 | ## #   |
 5 | ##     |
 6 |####    |
 7 |        |
   +--------+

 char code = 0x47
    76543210 
   +--------+
 0 |  ####  |
 1 | ##  ## |
 2 |##      |
 3 |##      |
 4 |##  ### |
 5 | ##  ## |
 6 |  ##### |
 7 |        |
   +--------+

 char code = 0x48
    76543210 
   +--------+
 0 |##  ##  |
 1 |##  ##  |
 2 |##  ##  |
 3 |######  |
 4 |##  ##  |
 5 |##  ##  |
 6 |##  ##  |
 7 |        |
   +--------+

 char code = 0x49
    76543210 
   +--------+
 0 | ####   |
 1 |  ##    |
 2 |  ##    |
 3 |  ##    |
 4 |  ##    |
 5 |  ##    |
 6 | ####   |
 7 |        |
   +--------+

 char code = 0x4A
    76543210 
   +--------+
 0 |   #### |
 1 |    ##  |
 2 |    ##  |
 3 |    ##  |
 4 |##  ##  |
 5 |##  ##  |
 6 | ####   |
 7 |        |
   +--------+

 char code = 0x4B
    76543210 
   +--------+
 0 |##  ##  |
 1 |##  ##  |
 2 |## ##   |
 3 |####    |
 4 |## ##   |
 5 |##  ##  |
 6 |##  ##  |
 7 |        |
   +--------+

 char code = 0x4C
    76543210 
   +--------+
 0 |####    |
 1 | ##     |
 2 | ##     |
 3 | ##     |
 4 | ##   # |
 5 | ##  ## |
 6 |####### |
 7 |        |
   +--------+

 char code = 0x4D
    76543210 
   +--------+
 0 |##   ## |
 1 |### ### |
 2 |####### |
 3 |## # ## |
 4 |##   ## |
 5 |##   ## |
 6 |##   ## |
 7 |        |
   +--------+

 char code = 0x4E
    76543210 
   +--------+
 0 |##   ## |
 1 |###  ## |
 2 |#### ## |
 3 |## #### |
 4 |##  ### |
 5 |##   ## |
 6 |##   ## |
 7 |        |
   +--------+

 char code = 0x4F
    76543210 
   +--------+
 0 | ####   |
 1 |##  ##  |
 2 |##  ##  |
 3 |##  ##  |
 4 |##  ##  |
 5 |##  ##  |
 6 | ####   |
 7 |        |
   +--------+

 char code = 0x50
    76543210 
   +--------+
 0 |######  |
 1 | ##  ## |
 2 | ##  ## |
 3 | ##  ## |
 4 | #####  |
 5 | ##     |
 6 |####    |
 7 |        |
   +--------+

 char code = 0x51
    76543210 
   +--------+
 0 | ####   |
 1 |##  ##  |
 2 |##  ##  |
 3 |##  ##  |
 4 |## ###  |
 5 | ####   |
 6 |   ###  |
 7 |        |
   +--------+

 char code = 0x52
    76543210 
   +--------+
 0 |######  |
 1 | ##  ## |
 2 | ##  ## |
 3 | #####  |
 4 | ## ##  |
 5 | ##  ## |
 6 |###  ## |
 7 |        |
   +--------+

 char code = 0x53
    76543210 
   +--------+
 0 | ####   |
 1 |##  ##  |
 2 |###     |
 3 | ###    |
 4 |   ###  |
 5 |##  ##  |
 6 | ####   |
 7 |        |
   +--------+

 char code = 0x54
    76543210 
   +--------+
 0 |######  |
 1 |# ## #  |
 2 |  ##    |
 3 |  ##    |
 4 |  ##    |
 5 |  ##    |
 6 | ####   |
 7 |        |
   +--------+

 char code = 0x55
    76543210 
   +--------+
 0 |##  ##  |
 1 |##  ##  |
 2 |##  ##  |
 3 |##  ##  |
 4 |##  ##  |
 5 |##  ##  |
 6 |######  |
 7 |        |
   +--------+

 char code = 0x56
    76543210 
   +--------+
 0 |##  ##  |
 1 |##  ##  |
 2 |##  ##  |
 3 |##  ##  |
 4 |##  ##  |
 5 | ####   |
 6 |  ##    |
 7 |        |
   +--------+

 char code = 0x57
    76543210 
   +--------+
 0 |##   ## |
 1 |##   ## |
 2 |##   ## |
 3 |## # ## |
 4 |####### |
 5 |### ### |
 6 |##   ## |
 7 |        |
   +--------+

 char code = 0x58
    76543210 
   +--------+
 0 |##   ## |
 1 |##   ## |
 2 | ## ##  |
 3 |  ###   |
 4 | ## ##  |
 5 |##   ## |
 6 |##   ## |
 7 |        |
   +--------+

 char code = 0x59
    76543210 
   +--------+
 0 |##  ##  |
 1 |##  ##  |
 2 |##  ##  |
 3 | ####   |
 4 |  ##    |
 5 |  ##    |
 6 | ####   |
 7 |        |
   +--------+

 char code = 0x5A
    76543210 
   +--------+
 0 |####### |
 1 |##   ## |
 2 |#   ##  |
 3 |   ##   |
 4 |  ##  # |
 5 | ##  ## |
 6 |####### |
 7 |        |
   +--------+

 char code = 0x5B
    76543210 
   +--------+
 0 | ####   |
 1 | ##     |
 2 | ##     |
 3 | ##     |
 4 | ##     |
 5 | ##     |
 6 | ####   |
 7 |        |
   +--------+

 char code = 0x5C
    76543210 
   +--------+
 0 |##      |
 1 | ##     |
 2 |  ##    |
 3 |   ##   |
 4 |    ##  |
 5 |     ## |
 6 |      # |
 7 |        |
   +--------+

 char code = 0x5D
    76543210 
   +--------+
 0 | ####   |
 1 |   ##   |
 2 |   ##   |
 3 |   ##   |
 4 |   ##   |
 5 |   ##   |
 6 | ####   |
 7 |        |
   +--------+

 char code = 0x5E
    76543210 
   +--------+
 0 |   #    |
 1 |  ###   |
 2 | ## ##  |
 3 |##   ## |
 4 |        |
 5 |        |
 6 |        |
 7 |        |
   +--------+

 char code = 0x5F
    76543210 
   +--------+
 0 |        |
 1 |        |
 2 |        |
 3 |        |
 4 |        |
 5 |        |
 6 |        |
 7 |########|
   +--------+

 char code = 0x60
    76543210 
   +--------+
 0 | ##     |
 1 | ##     |
 2 |  ##    |
 3 |        |
 4 |        |
 5 |        |
 6 |        |
 7 |        |
   +--------+

 char code = 0x61
    76543210 
   +--------+
 0 |        |
 1 |        |
 2 | ####   |
 3 |    ##  |
 4 | #####  |
 5 |##  ##  |
 6 | ### #  |
 7 |        |
   +--------+

 char code = 0x62
    76543210 
   +--------+
 0 |###     |
 1 | ##     |
 2 | ##     |
 3 | #####  |
 4 | ##  ## |
 5 | ##  ## |
 6 |## ###  |
 7 |        |
   +--------+

 char code = 0x63
    76543210 
   +--------+
 0 |        |
 1 |        |
 2 | ####   |
 3 |##  ##  |
 4 |##      |
 5 |##  ##  |
 6 | ####   |
 7 |        |
   +--------+

 char code = 0x64
    76543210 
   +--------+
 0 |   ###  |
 1 |    ##  |
 2 |    ##  |
 3 | #####  |
 4 |##  ##  |
 5 |##  ##  |
 6 | ### ## |
 7 |        |
   +--------+

 char code = 0x65
    76543210 
   +--------+
 0 |        |
 1 |        |
 2 | ####   |
 3 |##  ##  |
 4 |######  |
 5 |##      |
 6 | ####   |
 7 |        |
   +--------+

 char code = 0x66
    76543210 
   +--------+
 0 |  ###   |
 1 | ## ##  |
 2 | ##     |
 3 |####    |
 4 | ##     |
 5 | ##     |
 6 |####    |
 7 |        |
   +--------+

 char code = 0x67
    76543210 
   +--------+
 0 |        |
 1 |        |
 2 | ### ## |
 3 |##  ##  |
 4 |##  ##  |
 5 | #####  |
 6 |    ##  |
 7 |#####   |
   +--------+

 char code = 0x68
    76543210 
   +--------+
 0 |###     |
 1 | ##     |
 2 | ## ##  |
 3 | ### ## |
 4 | ##  ## |
 5 | ##  ## |
 6 |###  ## |
 7 |        |
   +--------+

 char code = 0x69
    76543210 
   +--------+
 0 |  ##    |
 1 |        |
 2 | ###    |
 3 |  ##    |
 4 |  ##    |
 5 |  ##    |
 6 | ####   |
 7 |        |
   +--------+

 char code = 0x6A
    76543210 
   +--------+
 0 |    ##  |
 1 |        |
 2 |    ##  |
 3 |    ##  |
 4 |    ##  |
 5 |##  ##  |
 6 |##  ##  |
 7 | ####   |
   +--------+

 char code = 0x6B
    76543210 
   +--------+
 0 |###     |
 1 | ##     |
 2 | ##  ## |
 3 | ## ##  |
 4 | ####   |
 5 | ## ##  |
 6 |###  ## |
 7 |        |
   +--------+

 char code = 0x6C
    76543210 
   +--------+
 0 | ###    |
 1 |  ##    |
 2 |  ##    |
 3 |  ##    |
 4 |  ##    |
 5 |  ##    |
 6 | ####   |
 7 |        |
   +--------+

 char code = 0x6D
    76543210 
   +--------+
 0 |        |
 1 |        |
 2 |##  ##  |
 3 |####### |
 4 |####### |
 5 |## # ## |
 6 |##   ## |
 7 |        |
   +--------+

 char code = 0x6E
    76543210 
   +--------+
 0 |        |
 1 |        |
 2 |#####   |
 3 |##  ##  |
 4 |##  ##  |
 5 |##  ##  |
 6 |##  ##  |
 7 |        |
   +--------+

 char code = 0x6F
    76543210 
   +--------+
 0 |        |
 1 |        |
 2 | ####   |
 3 |##  ##  |
 4 |##  ##  |
 5 |##  ##  |
 6 | ####   |
 7 |        |
   +--------+

 char code = 0x70
    76543210 
   +--------+
 0 |        |
 1 |        |
 2 |## ###  |
 3 | ##  ## |
 4 | ##  ## |
 5 | #####  |
 6 | ##     |
 7 |####    |
   +--------+

 char code = 0x71
    76543210 
   +--------+
 0 |        |
 1 |        |
 2 | ### ## |
 3 |##  ##  |
 4 |##  ##  |
 5 | #####  |
 6 |    ##  |
 7 |   #### |
   +--------+

 char code = 0x72
    76543210 
   +--------+
 0 |        |
 1 |        |
 2 |## ###  |
 3 | ### ## |
 4 | ##  ## |
 5 | ##     |
 6 |####    |
 7 |        |
   +--------+

 char code = 0x73
    76543210 
   +--------+
 0 |        |
 1 |        |
 2 | #####  |
 3 |##      |
 4 | ####   |
 5 |    ##  |
 6 |#####   |
 7 |        |
   +--------+

 char code = 0x74
    76543210 
   +--------+
 0 |  #     |
 1 | ##     |
 2 |#####   |
 3 | ##     |
 4 | ##     |
 5 | ## #   |
 6 |  ##    |
 7 |        |
   +--------+

 char code = 0x75
    76543210 
   +--------+
 0 |        |
 1 |        |
 2 |##  ##  |
 3 |##  ##  |
 4 |##  ##  |
 5 |##  ##  |
 6 | ### ## |
 7 |        |
   +--------+

 char code = 0x76
    76543210 
   +--------+
 0 |        |
 1 |        |
 2 |##  ##  |
 3 |##  ##  |
 4 |##  ##  |
 5 | ####   |
 6 |  ##    |
 7 |        |
   +--------+

 char code = 0x77
    76543210 
   +--------+
 0 |        |
 1 |        |
 2 |##   ## |
 3 |## # ## |
 4 |####### |
 5 |####### |
 6 | ## ##  |
 7 |        |
   +--------+

 char code = 0x78
    76543210 
   +--------+
 0 |        |
 1 |        |
 2 |##   ## |
 3 | ## ##  |
 4 |  ###   |
 5 | ## ##  |
 6 |##   ## |
 7 |        |
   +--------+

 char code = 0x79
    76543210 
   +--------+
 0 |        |
 1 |        |
 2 |##  ##  |
 3 |##  ##  |
 4 |##  ##  |
 5 | #####  |
 6 |    ##  |
 7 | ####   |
   +--------+

 char code = 0x7A
    76543210 
   +--------+
 0 |        |
 1 |        |
 2 |######  |
 3 |#  ##   |
 4 |  ##    |
 5 | ##  #  |
 6 |######  |
 7 |        |
   +--------+

 char code = 0x7B
    76543210 
   +--------+
 0 |   ##   |
 1 |  ##    |
 2 |  ##    |
 3 |###     |
 4 |  ##    |
 5 |  ##    |
 6 |   ##   |
 7 |        |
   +--------+

 char code = 0x7C
    76543210 
   +--------+
 0 |  ##    |
 1 |  ##    |
 2 |  ##    |
 3 |        |
 4 |  ##    |
 5 |  ##    |
 6 |  ##    |
 7 |        |
   +--------+

 char code = 0x7D
    76543210 
   +--------+
 0 |##      |
 1 | ##     |
 2 | ##     |
 3 |  ###   |
 4 | ##     |
 5 | ##     |
 6 |##      |
 7 |        |
   +--------+

 char code = 0x7E
    76543210 
   +--------+
 0 | ### ## |
 1 |## ###  |
 2 |        |
 3 |        |
 4 |        |
 5 |        |
 6 |        |
 7 |        |
   +--------+

 char code = 0x7F
    76543210 
   +--------+
 0 |        |
 1 |   #    |
 2 |  ###   |
 3 | ## ##  |
 4 |##   ## |
 5 |##   ## |
 6 |####### |
 7 |        |
   +--------+

 char code = 0x80
    76543210 
   +--------+
 0 |  ##    |
 1 | ####   |
 2 |##  ##  |
 3 |##  ##  |
 4 |######  |
 5 |##  ##  |
 6 |##  ##  |
 7 |        |
   +--------+

 char code = 0x81
    76543210 
   +--------+
 0 |######  |
 1 |##      |
 2 |##      |
 3 |######  |
 4 |##   ## |
 5 |##   ## |
 6 |######  |
 7 |        |
   +--------+

 char code = 0x82
    76543210 
   +--------+
 0 |#####   |
 1 |##  ##  |
 2 |##  ##  |
 3 |#####   |
 4 |##   ## |
 5 |##   ## |
 6 |######  |
 7 |        |
   +--------+

 char code = 0x83
    76543210 
   +--------+
 0 |####### |
 1 |##      |
 2 |##      |
 3 |##      |
 4 |##      |
 5 |##      |
 6 |##      |
 7 |        |
   +--------+

 char code = 0x84
    76543210 
   +--------+
 0 | ###### |
 1 | ##  ## |
 2 | ##  ## |
 3 | ##  ## |
 4 | ##  ## |
 5 | ##  ## |
 6 |########|
 7 |##    ##|
   +--------+

 char code = 0x85
    76543210 
   +--------+
 0 |####### |
 1 |##      |
 2 |##      |
 3 |####    |
 4 |##      |
 5 |##      |
 6 |####### |
 7 |        |
   +--------+

 char code = 0x86
    76543210 
   +--------+
 0 |## # ## |
 1 |## # ## |
 2 | #####  |
 3 |   #    |
 4 | #####  |
 5 |## # ## |
 6 |## # ## |
 7 |        |
   +--------+

 char code = 0x87
    76543210 
   +--------+
 0 | #####  |
 1 |##   ## |
 2 |     ## |
 3 |  ####  |
 4 |     ## |
 5 |##   ## |
 6 | #####  |
 7 |        |
   +--------+

 char code = 0x88
    76543210 
   +--------+
 0 |##   ## |
 1 |##   ## |
 2 |##  ### |
 3 |## #### |
 4 |#### ## |
 5 |###  ## |
 6 |##   ## |
 7 |        |
   +--------+

 char code = 0x89
    76543210 
   +--------+
 0 |  ##    |
 1 |##   ## |
 2 |##  ### |
 3 |## #### |
 4 |#### ## |
 5 |###  ## |
 6 |##   ## |
 7 |        |
   +--------+

 char code = 0x8A
    76543210 
   +--------+
 0 |##   ## |
 1 |##  ##  |
 2 |## ##   |
 3 |####    |
 4 |##  ##  |
 5 |##   ## |
 6 |##    ##|
 7 |        |
   +--------+

 char code = 0x8B
    76543210 
   +--------+
 0 |     ## |
 1 |    ### |
 2 |   #### |
 3 |  ## ## |
 4 | ##  ## |
 5 |##   ## |
 6 |##   ## |
 7 |        |
   +--------+

 char code = 0x8C
    76543210 
   +--------+
 0 |##   ## |
 1 |### ### |
 2 |####### |
 3 |## # ## |
 4 |##   ## |
 5 |##   ## |
 6 |##   ## |
 7 |        |
   +--------+

 char code = 0x8D
    76543210 
   +--------+
 0 |##   ## |
 1 |##   ## |
 2 |##   ## |
 3 |####### |
 4 |##   ## |
 5 |##   ## |
 6 |##   ## |
 7 |        |
   +--------+

 char code = 0x8E
    76543210 
   +--------+
 0 | #####  |
 1 |##   ## |
 2 |##   ## |
 3 |##   ## |
 4 |##   ## |
 5 |##   ## |
 6 | #####  |
 7 |        |
   +--------+

 char code = 0x8F
    76543210 
   +--------+
 0 |####### |
 1 |##   ## |
 2 |##   ## |
 3 |##   ## |
 4 |##   ## |
 5 |##   ## |
 6 |##   ## |
 7 |        |
   +--------+

 char code = 0x90
    76543210 
   +--------+
 0 |######  |
 1 |##   ## |
 2 |##   ## |
 3 |##   ## |
 4 |#####   |
 5 |##      |
 6 |##      |
 7 |        |
   +--------+

 char code = 0x91
    76543210 
   +--------+
 0 | #####  |
 1 |##   ## |
 2 |##      |
 3 |##      |
 4 |##      |
 5 |##   ## |
 6 | #####  |
 7 |        |
   +--------+

 char code = 0x92
    76543210 
   +--------+
 0 |######  |
 1 |  ##    |
 2 |  ##    |
 3 |  ##    |
 4 |  ##    |
 5 |  ##    |
 6 |  ##    |
 7 |        |
   +--------+

 char code = 0x93
    76543210 
   +--------+
 0 |##   ## |
 1 |##   ## |
 2 |##   ## |
 3 | ###### |
 4 |     ## |
 5 |##   ## |
 6 | #####  |
 7 |        |
   +--------+

 char code = 0x94
    76543210 
   +--------+
 0 |   #    |
 1 | #####  |
 2 |## # ## |
 3 |## # ## |
 4 |## # ## |
 5 | #####  |
 6 |   #    |
 7 |        |
   +--------+

 char code = 0x95
    76543210 
   +--------+
 0 |##   ## |
 1 | ## ##  |
 2 |  ###   |
 3 |   #    |
 4 |  ###   |
 5 | ## ##  |
 6 |##   ## |
 7 |        |
   +--------+

 char code = 0x96
    76543210 
   +--------+
 0 |##   ## |
 1 |##   ## |
 2 |##   ## |
 3 |##   ## |
 4 |##   ## |
 5 |##   ## |
 6 |########|
 7 |       #|
   +--------+

 char code = 0x97
    76543210 
   +--------+
 0 |##   ## |
 1 |##   ## |
 2 |##   ## |
 3 | ###### |
 4 |     ## |
 5 |     ## |
 6 |     ## |
 7 |        |
   +--------+

 char code = 0x98
    76543210 
   +--------+
 0 |##   ## |
 1 |## # ## |
 2 |## # ## |
 3 |## # ## |
 4 |## # ## |
 5 |## # ## |
 6 |####### |
 7 |        |
   +--------+

 char code = 0x99
    76543210 
   +--------+
 0 |##   ## |
 1 |## # ## |
 2 |## # ## |
 3 |## # ## |
 4 |## # ## |
 5 |## # ## |
 6 |####### |
 7 |      ##|
   +--------+

 char code = 0x9A
    76543210 
   +--------+
 0 |####    |
 1 |  ##    |
 2 |  ##    |
 3 |  ####  |
 4 |  ## ## |
 5 |  ## ## |
 6 |  ####  |
 7 |        |
   +--------+

 char code = 0x9B
    76543210 
   +--------+
 0 |##   ## |
 1 |##   ## |
 2 |#### ## |
 3 |## # ## |
 4 |## # ## |
 5 |## # ## |
 6 |#### ## |
 7 |        |
   +--------+

 char code = 0x9C
    76543210 
   +--------+
 0 |##      |
 1 |##      |
 2 |##      |
 3 |######  |
 4 |##   ## |
 5 |##   ## |
 6 |######  |
 7 |        |
   +--------+

 char code = 0x9D
    76543210 
   +--------+
 0 | #####  |
 1 |##   ## |
 2 |     ## |
 3 |   #### |
 4 |     ## |
 5 |##   ## |
 6 | #####  |
 7 |        |
   +--------+

 char code = 0x9E
    76543210 
   +--------+
 0 |##  ##  |
 1 |## #  # |
 2 |## #  # |
 3 |####  # |
 4 |## #  # |
 5 |## #  # |
 6 |##  ##  |
 7 |        |
   +--------+

 char code = 0x9F
    76543210 
   +--------+
 0 | ###### |
 1 |##   ## |
 2 |##   ## |
 3 | ###### |
 4 |  ##### |
 5 | ##  ## |
 6 |##   ## |
 7 |        |
   +--------+

 char code = 0xA0
    76543210 
   +--------+
 0 |        |
 1 |        |
 2 | ####   |
 3 |     #  |
 4 | #####  |
 5 |##  ##  |
 6 | ### #  |
 7 |        |
   +--------+

 char code = 0xA1
    76543210 
   +--------+
 0 |     #  |
 1 | ####   |
 2 |##      |
 3 |#####   |
 4 |##  ##  |
 5 |##  ##  |
 6 | ####   |
 7 |        |
   +--------+

 char code = 0xA2
    76543210 
   +--------+
 0 |        |
 1 |        |
 2 |#####   |
 3 |##  ##  |
 4 |#####   |
 5 |##   ## |
 6 |######  |
 7 |        |
   +--------+

 char code = 0xA3
    76543210 
   +--------+
 0 |        |
 1 |        |
 2 |######  |
 3 |##      |
 4 |##      |
 5 |##      |
 6 |##      |
 7 |        |
   +--------+

 char code = 0xA4
    76543210 
   +--------+
 0 |        |
 1 |        |
 2 | ####   |
 3 | #  #   |
 4 | #  #   |
 5 | #  #   |
 6 |######  |
 7 |#    #  |
   +--------+

 char code = 0xA5
    76543210 
   +--------+
 0 |        |
 1 |        |
 2 | ####   |
 3 |##  ##  |
 4 |######  |
 5 |##      |
 6 | ####   |
 7 |        |
   +--------+

 char code = 0xA6
    76543210 
   +--------+
 0 |        |
 1 |        |
 2 |## # ## |
 3 | #####  |
 4 |   #    |
 5 | #####  |
 6 |## # ## |
 7 |        |
   +--------+

 char code = 0xA7
    76543210 
   +--------+
 0 |        |
 1 |        |
 2 | ####   |
 3 |##  ##  |
 4 |   ##   |
 5 |##  ##  |
 6 | ####   |
 7 |        |
   +--------+

 char code = 0xA8
    76543210 
   +--------+
 0 |        |
 1 |        |
 2 |##  ##  |
 3 |##  ##  |
 4 |## ###  |
 5 |### ##  |
 6 |##  ##  |
 7 |        |
   +--------+

 char code = 0xA9
    76543210 
   +--------+
 0 |  ##    |
 1 |        |
 2 |##  ##  |
 3 |##  ##  |
 4 |## ###  |
 5 |### ##  |
 6 |##  ##  |
 7 |        |
   +--------+

 char code = 0xAA
    76543210 
   +--------+
 0 |        |
 1 |        |
 2 |##  ##  |
 3 |##  #   |
 4 |####    |
 5 |##  ##  |
 6 |##  ##  |
 7 |        |
   +--------+

 char code = 0xAB
    76543210 
   +--------+
 0 |        |
 1 |        |
 2 |    ##  |
 3 |   ###  |
 4 |  ####  |
 5 | ## ##  |
 6 |##  ##  |
 7 |        |
   +--------+

 char code = 0xAC
    76543210 
   +--------+
 0 |        |
 1 |        |
 2 |#     # |
 3 |##   ## |
 4 |### ### |
 5 |## # ## |
 6 |##   ## |
 7 |        |
   +--------+

 char code = 0xAD
    76543210 
   +--------+
 0 |        |
 1 |        |
 2 |##  ##  |
 3 |##  ##  |
 4 |######  |
 5 |##  ##  |
 6 |##  ##  |
 7 |        |
   +--------+

 char code = 0xAE
    76543210 
   +--------+
 0 |        |
 1 |        |
 2 | ####   |
 3 |##  ##  |
 4 |##  ##  |
 5 |##  ##  |
 6 | ####   |
 7 |        |
   +--------+

 char code = 0xAF
    76543210 
   +--------+
 0 |        |
 1 |        |
 2 |######  |
 3 |##  ##  |
 4 |##  ##  |
 5 |##  ##  |
 6 |##  ##  |
 7 |        |
   +--------+

 char code = 0xB0
    76543210 
   +--------+
 0 |  #   # |
 1 |#   #   |
 2 |  #   # |
 3 |#   #   |
 4 |  #   # |
 5 |#   #   |
 6 |  #   # |
 7 |#   #   |
   +--------+

 char code = 0xB1
    76543210 
   +--------+
 0 | # # # #|
 1 |# # # # |
 2 | # # # #|
 3 |# # # # |
 4 | # # # #|
 5 |# # # # |
 6 | # # # #|
 7 |# # # # |
   +--------+

 char code = 0xB2
    76543210 
   +--------+
 0 |## ### #|
 1 | ### ###|
 2 |## ### #|
 3 | ### ###|
 4 |## ### #|
 5 | ### ###|
 6 |## ### #|
 7 | ### ###|
   +--------+

 char code = 0xB3
    76543210 
   +--------+
 0 |   ##   |
 1 |   ##   |
 2 |   ##   |
 3 |   ##   |
 4 |   ##   |
 5 |   ##   |
 6 |   ##   |
 7 |   ##   |
   +--------+

 char code = 0xB4
    76543210 
   +--------+
 0 |   ##   |
 1 |   ##   |
 2 |   ##   |
 3 |   ##   |
 4 |#####   |
 5 |   ##   |
 6 |   ##   |
 7 |   ##   |
   +--------+

 char code = 0xB5
    76543210 
   +--------+
 0 |   ##   |
 1 |   ##   |
 2 |#####   |
 3 |   ##   |
 4 |#####   |
 5 |   ##   |
 6 |   ##   |
 7 |   ##   |
   +--------+

 char code = 0xB6
    76543210 
   +--------+
 0 |  #  #  |
 1 |  #  #  |
 2 |  #  #  |
 3 |  #  #  |
 4 |###  #  |
 5 |  #  #  |
 6 |  #  #  |
 7 |  #  #  |
   +--------+

 char code = 0xB7
    76543210 
   +--------+
 0 |        |
 1 |        |
 2 |        |
 3 |        |
 4 |######  |
 5 |  #  #  |
 6 |  #  #  |
 7 |  #  #  |
   +--------+

 char code = 0xB8
    76543210 
   +--------+
 0 |        |
 1 |        |
 2 |#####   |
 3 |   ##   |
 4 |#####   |
 5 |   ##   |
 6 |   ##   |
 7 |   ##   |
   +--------+

 char code = 0xB9
    76543210 
   +--------+
 0 |  #  #  |
 1 |  #  #  |
 2 |###  #  |
 3 |     #  |
 4 |###  #  |
 5 |  #  #  |
 6 |  #  #  |
 7 |  #  #  |
   +--------+

 char code = 0xBA
    76543210 
   +--------+
 0 |  #  #  |
 1 |  #  #  |
 2 |  #  #  |
 3 |  #  #  |
 4 |  #  #  |
 5 |  #  #  |
 6 |  #  #  |
 7 |  #  #  |
   +--------+

 char code = 0xBB
    76543210 
   +--------+
 0 |        |
 1 |        |
 2 |######  |
 3 |     #  |
 4 |###  #  |
 5 |  #  #  |
 6 |  #  #  |
 7 |  #  #  |
   +--------+

 char code = 0xBC
    76543210 
   +--------+
 0 |  #  #  |
 1 |  #  #  |
 2 |###  #  |
 3 |     #  |
 4 |######  |
 5 |        |
 6 |        |
 7 |        |
   +--------+

 char code = 0xBD
    76543210 
   +--------+
 0 |  #  #  |
 1 |  #  #  |
 2 |  #  #  |
 3 |  #  #  |
 4 |######  |
 5 |        |
 6 |        |
 7 |        |
   +--------+

 char code = 0xBE
    76543210 
   +--------+
 0 |   ##   |
 1 |   ##   |
 2 |#####   |
 3 |   ##   |
 4 |#####   |
 5 |        |
 6 |        |
 7 |        |
   +--------+

 char code = 0xBF
    76543210 
   +--------+
 0 |        |
 1 |        |
 2 |        |
 3 |        |
 4 |#####   |
 5 |   ##   |
 6 |   ##   |
 7 |   ##   |
   +--------+

 char code = 0xC0
    76543210 
   +--------+
 0 |   ##   |
 1 |   ##   |
 2 |   ##   |
 3 |   ##   |
 4 |   #####|
 5 |        |
 6 |        |
 7 |        |
   +--------+

 char code = 0xC1
    76543210 
   +--------+
 0 |   ##   |
 1 |   ##   |
 2 |   ##   |
 3 |   ##   |
 4 |########|
 5 |        |
 6 |        |
 7 |        |
   +--------+

 char code = 0xC2
    76543210 
   +--------+
 0 |        |
 1 |        |
 2 |        |
 3 |        |
 4 |########|
 5 |   ##   |
 6 |   ##   |
 7 |   ##   |
   +--------+

 char code = 0xC3
    76543210 
   +--------+
 0 |   ##   |
 1 |   ##   |
 2 |   ##   |
 3 |   ##   |
 4 |   #####|
 5 |   ##   |
 6 |   ##   |
 7 |   ##   |
   +--------+

 char code = 0xC4
    76543210 
   +--------+
 0 |        |
 1 |        |
 2 |        |
 3 |        |
 4 |########|
 5 |        |
 6 |        |
 7 |        |
   +--------+

 char code = 0xC5
    76543210 
   +--------+
 0 |   ##   |
 1 |   ##   |
 2 |   ##   |
 3 |   ##   |
 4 |########|
 5 |   ##   |
 6 |   ##   |
 7 |   ##   |
   +--------+

 char code = 0xC6
    76543210 
   +--------+
 0 |   ##   |
 1 |   ##   |
 2 |   #### |
 3 |   ##   |
 4 |   #### |
 5 |   ##   |
 6 |   ##   |
 7 |   ##   |
   +--------+

 char code = 0xC7
    76543210 
   +--------+
 0 |  #  #  |
 1 |  #  #  |
 2 |  #  #  |
 3 |  #  #  |
 4 |  #  ###|
 5 |  #  #  |
 6 |  #  #  |
 7 |  #  #  |
   +--------+

 char code = 0xC8
    76543210 
   +--------+
 0 |  #  #  |
 1 |  #  #  |
 2 |  #  ###|
 3 |  #     |
 4 |  ######|
 5 |        |
 6 |        |
 7 |        |
   +--------+

 char code = 0xC9
    76543210 
   +--------+
 0 |        |
 1 |        |
 2 |  ######|
 3 |  #     |
 4 |  #  ###|
 5 |  #  #  |
 6 |  #  #  |
 7 |  #  #  |
   +--------+

 char code = 0xCA
    76543210 
   +--------+
 0 |  #  #  |
 1 |  #  #  |
 2 |###  ###|
 3 |        |
 4 |########|
 5 |        |
 6 |        |
 7 |        |
   +--------+

 char code = 0xCB
    76543210 
   +--------+
 0 |        |
 1 |        |
 2 |########|
 3 |        |
 4 |###  ###|
 5 |  #  #  |
 6 |  #  #  |
 7 |  #  #  |
   +--------+

 char code = 0xCC
    76543210 
   +--------+
 0 |  #  #  |
 1 |  #  #  |
 2 |  #  ###|
 3 |  #     |
 4 |  #  ###|
 5 |  #  #  |
 6 |  #  #  |
 7 |  #  #  |
   +--------+

 char code = 0xCD
    76543210 
   +--------+
 0 |        |
 1 |        |
 2 |########|
 3 |        |
 4 |########|
 5 |        |
 6 |        |
 7 |        |
   +--------+

 char code = 0xCE
    76543210 
   +--------+
 0 |  #  #  |
 1 |  #  #  |
 2 |###  ###|
 3 |        |
 4 |###  ###|
 5 |  #  #  |
 6 |  #  #  |
 7 |  #  #  |
   +--------+

 char code = 0xCF
    76543210 
   +--------+
 0 |   ##   |
 1 |   ##   |
 2 |########|
 3 |        |
 4 |########|
 5 |        |
 6 |        |
 7 |        |
   +--------+

 char code = 0xD0
    76543210 
   +--------+
 0 |  #  #  |
 1 |  #  #  |
 2 |  #  #  |
 3 |  #  #  |
 4 |########|
 5 |        |
 6 |        |
 7 |        |
   +--------+

 char code = 0xD1
    76543210 
   +--------+
 0 |        |
 1 |        |
 2 |########|
 3 |        |
 4 |########|
 5 |   ##   |
 6 |   ##   |
 7 |   ##   |
   +--------+

 char code = 0xD2
    76543210 
   +--------+
 0 |        |
 1 |        |
 2 |        |
 3 |        |
 4 |########|
 5 |  #  #  |
 6 |  #  #  |
 7 |  #  #  |
   +--------+

 char code = 0xD3
    76543210 
   +--------+
 0 |  #  #  |
 1 |  #  #  |
 2 |  #  #  |
 3 |  #  #  |
 4 |  ######|
 5 |        |
 6 |        |
 7 |        |
   +--------+

 char code = 0xD4
    76543210 
   +--------+
 0 |   ##   |
 1 |   ##   |
 2 |   #####|
 3 |   ##   |
 4 |   #####|
 5 |        |
 6 |        |
 7 |        |
   +--------+

 char code = 0xD5
    76543210 
   +--------+
 0 |        |
 1 |        |
 2 |   #####|
 3 |   ##   |
 4 |   #####|
 5 |   ##   |
 6 |   ##   |
 7 |   ##   |
   +--------+

 char code = 0xD6
    76543210 
   +--------+
 0 |        |
 1 |        |
 2 |        |
 3 |        |
 4 |  ######|
 5 |  #  #  |
 6 |  #  #  |
 7 |  #  #  |
   +--------+

 char code = 0xD7
    76543210 
   +--------+
 0 |  #  #  |
 1 |  #  #  |
 2 |  #  #  |
 3 |  #  #  |
 4 |########|
 5 |  #  #  |
 6 |  #  #  |
 7 |  #  #  |
   +--------+

 char code = 0xD8
    76543210 
   +--------+
 0 |   ##   |
 1 |   ##   |
 2 |########|
 3 |   ##   |
 4 |########|
 5 |   ##   |
 6 |   ##   |
 7 |   ##   |
   +--------+

 char code = 0xD9
    76543210 
   +--------+
 0 |   ##   |
 1 |   ##   |
 2 |   ##   |
 3 |   ##   |
 4 |#####   |
 5 |        |
 6 |        |
 7 |        |
   +--------+

 char code = 0xDA
    76543210 
   +--------+
 0 |        |
 1 |        |
 2 |        |
 3 |        |
 4 |   #####|
 5 |   ##   |
 6 |   ##   |
 7 |   ##   |
   +--------+

 char code = 0xDB
    76543210 
   +--------+
 0 |########|
 1 |########|
 2 |########|
 3 |########|
 4 |########|
 5 |########|
 6 |########|
 7 |########|
   +--------+

 char code = 0xDC
    76543210 
   +--------+
 0 |        |
 1 |        |
 2 |        |
 3 |        |
 4 |########|
 5 |########|
 6 |########|
 7 |########|
   +--------+

 char code = 0xDD
    76543210 
   +--------+
 0 |####    |
 1 |####    |
 2 |####    |
 3 |####    |
 4 |####    |
 5 |####    |
 6 |####    |
 7 |####    |
   +--------+

 char code = 0xDE
    76543210 
   +--------+
 0 |    ####|
 1 |    ####|
 2 |    ####|
 3 |    ####|
 4 |    ####|
 5 |    ####|
 6 |    ####|
 7 |    ####|
   +--------+

 char code = 0xDF
    76543210 
   +--------+
 0 |########|
 1 |########|
 2 |########|
 3 |########|
 4 |        |
 5 |        |
 6 |        |
 7 |        |
   +--------+

 char code = 0xE0
    76543210 
   +--------+
 0 |        |
 1 |        |
 2 |#####   |
 3 |##  ##  |
 4 |##  ##  |
 5 |#####   |
 6 |##      |
 7 |##      |
   +--------+

 char code = 0xE1
    76543210 
   +--------+
 0 |        |
 1 |        |
 2 | ####   |
 3 |##  ##  |
 4 |##      |
 5 |##  ##  |
 6 | ####   |
 7 |        |
   +--------+

 char code = 0xE2
    76543210 
   +--------+
 0 |        |
 1 |        |
 2 |######  |
 3 |  ##    |
 4 |  ##    |
 5 |  ##    |
 6 |  ##    |
 7 |        |
   +--------+

 char code = 0xE3
    76543210 
   +--------+
 0 |        |
 1 |        |
 2 |##  ##  |
 3 |##  ##  |
 4 | #####  |
 5 |    ##  |
 6 |##  ##  |
 7 | ####   |
   +--------+

 char code = 0xE4
    76543210 
   +--------+
 0 |        |
 1 |   #    |
 2 | #####  |
 3 |## # ## |
 4 |## # ## |
 5 | #####  |
 6 |   #    |
 7 |   #    |
   +--------+

 char code = 0xE5
    76543210 
   +--------+
 0 |        |
 1 |        |
 2 |##   ## |
 3 | ## ##  |
 4 |  ###   |
 5 | ## ##  |
 6 |##   ## |
 7 |        |
   +--------+

 char code = 0xE6
    76543210 
   +--------+
 0 |        |
 1 |        |
 2 |##  ##  |
 3 |##  ##  |
 4 |##  ##  |
 5 |##  ##  |
 6 |####### |
 7 |      # |
   +--------+

 char code = 0xE7
    76543210 
   +--------+
 0 |        |
 1 |        |
 2 |##  ##  |
 3 |##  ##  |
 4 | #####  |
 5 |    ##  |
 6 |    ##  |
 7 |        |
   +--------+

 char code = 0xE8
    76543210 
   +--------+
 0 |        |
 1 |        |
 2 |## # ## |
 3 |## # ## |
 4 |## # ## |
 5 |## # ## |
 6 |####### |
 7 |        |
   +--------+

 char code = 0xE9
    76543210 
   +--------+
 0 |        |
 1 |        |
 2 |## # ## |
 3 |## # ## |
 4 |## # ## |
 5 |## # ## |
 6 |####### |
 7 |      ##|
   +--------+

 char code = 0xEA
    76543210 
   +--------+
 0 |        |
 1 |        |
 2 |###     |
 3 | ##     |
 4 | ####   |
 5 | ## ##  |
 6 | ####   |
 7 |        |
   +--------+

 char code = 0xEB
    76543210 
   +--------+
 0 |        |
 1 |        |
 2 |##    # |
 3 |####  # |
 4 |## ## # |
 5 |## ## # |
 6 |####  # |
 7 |        |
   +--------+

 char code = 0xEC
    76543210 
   +--------+
 0 |        |
 1 |        |
 2 |##      |
 3 |##      |
 4 |#####   |
 5 |##  ##  |
 6 |#####   |
 7 |        |
   +--------+

 char code = 0xED
    76543210 
   +--------+
 0 |        |
 1 |        |
 2 | #####  |
 3 |##   ## |
 4 |   #### |
 5 |##   ## |
 6 | #####  |
 7 |        |
   +--------+

 char code = 0xEE
    76543210 
   +--------+
 0 |        |
 1 |        |
 2 |##  ##  |
 3 |## #  # |
 4 |####  # |
 5 |## #  # |
 6 |##  ##  |
 7 |        |
   +--------+

 char code = 0xEF
    76543210 
   +--------+
 0 |        |
 1 |        |
 2 | #####  |
 3 |##  ##  |
 4 | #####  |
 5 |  # ##  |
 6 |##  ##  |
 7 |        |
   +--------+

 char code = 0xF0
    76543210 
   +--------+
 0 | ##  ## |
 1 |########|
 2 |##      |
 3 |#####   |
 4 |##      |
 5 |##      |
 6 |########|
 7 |        |
   +--------+

 char code = 0xF1
    76543210 
   +--------+
 0 |##  ##  |
 1 |        |
 2 | ####   |
 3 |##  ##  |
 4 |######  |
 5 |##      |
 6 | ####   |
 7 |        |
   +--------+

 char code = 0xF2
    76543210 
   +--------+
 0 | ##     |
 1 |  ##    |
 2 |   ##   |
 3 |  ##    |
 4 | ##     |
 5 |        |
 6 |######  |
 7 |        |
   +--------+

 char code = 0xF3
    76543210 
   +--------+
 0 |   ##   |
 1 |  ##    |
 2 | ##     |
 3 |  ##    |
 4 |   ##   |
 5 |        |
 6 |######  |
 7 |        |
   +--------+

 char code = 0xF4
    76543210 
   +--------+
 0 |    ### |
 1 |   ## ##|
 2 |   ## ##|
 3 |   ##   |
 4 |   ##   |
 5 |   ##   |
 6 |   ##   |
 7 |   ##   |
   +--------+

 char code = 0xF5
    76543210 
   +--------+
 0 |   ##   |
 1 |   ##   |
 2 |   ##   |
 3 |   ##   |
 4 |   ##   |
 5 |## ##   |
 6 |## ##   |
 7 | ###    |
   +--------+

 char code = 0xF6
    76543210 
   +--------+
 0 |  ##    |
 1 |  ##    |
 2 |        |
 3 |######  |
 4 |        |
 5 |  ##    |
 6 |  ##    |
 7 |        |
   +--------+

 char code = 0xF7
    76543210 
   +--------+
 0 |        |
 1 | ### ## |
 2 |## ###  |
 3 |        |
 4 | ### ## |
 5 |## ###  |
 6 |        |
 7 |        |
   +--------+

 char code = 0xF8
    76543210 
   +--------+
 0 |  ###   |
 1 | ## ##  |
 2 | ## ##  |
 3 |  ###   |
 4 |        |
 5 |        |
 6 |        |
 7 |        |
   +--------+

 char code = 0xF9
    76543210 
   +--------+
 0 |        |
 1 |        |
 2 |        |
 3 |   ##   |
 4 |   ##   |
 5 |        |
 6 |        |
 7 |        |
   +--------+

 char code = 0xFA
    76543210 
   +--------+
 0 |        |
 1 |        |
 2 |        |
 3 |        |
 4 |   ##   |
 5 |        |
 6 |        |
 7 |        |
   +--------+

 char code = 0xFB
    76543210 
   +--------+
 0 |    ####|
 1 |    ##  |
 2 |    ##  |
 3 |    ##  |
 4 |### ##  |
 5 | ## ##  |
 6 |  ####  |
 7 |   ###  |
   +--------+

 char code = 0xFC
    76543210 
   +--------+
 0 | ####   |
 1 | ## ##  |
 2 | ## ##  |
 3 | ## ##  |
 4 | ## ##  |
 5 |        |
 6 |        |
 7 |        |
   +--------+

 char code = 0xFD
    76543210 
   +--------+
 0 | ###    |
 1 |   ##   |
 2 |  ##    |
 3 | ##     |
 4 | ####   |
 5 |        |
 6 |        |
 7 |        |
   +--------+

 char code = 0xFE
    76543210 
   +--------+
 0 |        |
 1 |        |
 2 |  ####  |
 3 |  ####  |
 4 |  ####  |
 5 |  ####  |
 6 |        |
 7 |        |
   +--------+

 char code = 0xFF
    76543210 
   +--------+
 0 |        |
 1 |        |
 2 |        |
 3 |        |
 4 |        |
 5 |        |
 6 |        |
 7 |        |
   +--------+


